ERROR at line no. 34 : syntax error
============================================================================================================================================
Table Name: global		 Parent Name: None
============================================================================================================================================
Name                Type                                    Category            Initial Value       Offset              Size                Child               

main                int                                     function                                0                   4                   main                
printInt            int                                     global                                  4                   4                   printInt            
printStr            int                                     global                                  8                   4                   printStr            
readInt             int                                     global                                  12                  4                   readInt             
testChar            char                                    global                                  16                  1                   testChar            
testCharPtr         ptr(char)                               global                                  17                  8                   testCharPtr         
testInt             int                                     global                                  25                  4                   testInt             
testIntPtr          ptr(int)                                global                                  29                  8                   testIntPtr          
testVoid            void                                    function                                37                  0                   testVoid            
--------------------------------------------------------------------------------------------------------------------------------------------


============================================================================================================================================
Table Name: main		 Parent Name: global
============================================================================================================================================
Name                Type                                    Category            Initial Value       Offset              Size                Child               

n                   int                                     local                                   0                   4                   NULL                
return              int                                     local                                   4                   4                   NULL                
t2                  ptr(char)                               local               "\n#### TEST 3 (Function calls and returns) ####"8                   8                   NULL                
t3                  int                                     local                                   16                  4                   NULL                
--------------------------------------------------------------------------------------------------------------------------------------------


============================================================================================================================================
Table Name: printInt		 Parent Name: global
============================================================================================================================================
Name                Type                                    Category            Initial Value       Offset              Size                Child               

n                   int                                     parameter                               0                   4                   NULL                
return              int                                     local                                   4                   4                   NULL                
--------------------------------------------------------------------------------------------------------------------------------------------


============================================================================================================================================
Table Name: printStr		 Parent Name: global
============================================================================================================================================
Name                Type                                    Category            Initial Value       Offset              Size                Child               

return              int                                     local                                   0                   4                   NULL                
s                   ptr(char)                               parameter                               4                   8                   NULL                
--------------------------------------------------------------------------------------------------------------------------------------------


============================================================================================================================================
Table Name: readInt		 Parent Name: global
============================================================================================================================================
Name                Type                                    Category            Initial Value       Offset              Size                Child               

eP                  ptr(int)                                parameter                               0                   8                   NULL                
return              int                                     local                                   8                   4                   NULL                
--------------------------------------------------------------------------------------------------------------------------------------------


============================================================================================================================================
Table Name: testChar		 Parent Name: global
============================================================================================================================================
Name                Type                                    Category            Initial Value       Offset              Size                Child               

c                   char                                    parameter                               0                   1                   NULL                
return              char                                    local                                   1                   1                   NULL                
--------------------------------------------------------------------------------------------------------------------------------------------


============================================================================================================================================
Table Name: testCharPtr		 Parent Name: global
============================================================================================================================================
Name                Type                                    Category            Initial Value       Offset              Size                Child               

cPtr                ptr(char)                               parameter                               0                   8                   NULL                
return              ptr(char)                               local                                   8                   8                   NULL                
--------------------------------------------------------------------------------------------------------------------------------------------


============================================================================================================================================
Table Name: testInt		 Parent Name: global
============================================================================================================================================
Name                Type                                    Category            Initial Value       Offset              Size                Child               

num                 int                                     parameter                               0                   4                   NULL                
return              int                                     local                                   4                   4                   NULL                
--------------------------------------------------------------------------------------------------------------------------------------------


============================================================================================================================================
Table Name: testIntPtr		 Parent Name: global
============================================================================================================================================
Name                Type                                    Category            Initial Value       Offset              Size                Child               

numPtr              ptr(int)                                parameter                               0                   8                   NULL                
return              ptr(int)                                local                                   8                   8                   NULL                
--------------------------------------------------------------------------------------------------------------------------------------------


============================================================================================================================================
Table Name: testVoid		 Parent Name: global
============================================================================================================================================
Name                Type                                    Category            Initial Value       Offset              Size                Child               

t0                  ptr(char)                               local               "\nHello World, I am a void function. I don't return anything."0                   8                   NULL                
t1                  int                                     local                                   8                   4                   NULL                
--------------------------------------------------------------------------------------------------------------------------------------------


1   : Function start: testInt
2   : 	return num
3   : Function end: testInt
4   : Function start: testIntPtr
5   : 	return numPtr
6   : Function end: testIntPtr
7   : Function start: testChar
8   : 	return c
9   : Function end: testChar
10  : Function start: testCharPtr
11  : 	return cPtr
12  : Function end: testCharPtr
13  : Function start: testVoid
14  : 	param t0
15  : 	t1 = call printStr, 1
16  : 	return 
17  : Function end: testVoid
18  : Function start: main
19  : 	param t2
20  : 	t3 = call printStr, 1
