============================================================================================================================================
Table Name: global		 Parent Name: None
============================================================================================================================================
Name                Type                                    Category            Initial Value       Offset              Size                Child               

main                int                                     function                                0                   4                   main                
printInt            int                                     function                                4                   4                   printInt            
printStr            int                                     function                                8                   4                   printStr            
readInt             int                                     function                                12                  4                   readInt             
--------------------------------------------------------------------------------------------------------------------------------------------


============================================================================================================================================
Table Name: main		 Parent Name: global
============================================================================================================================================
Name                Type                                    Category            Initial Value       Offset              Size                Child               

n1                  int                                     local                                   0                   4                   NULL                
n2                  int                                     local                                   4                   4                   NULL                
return              int                                     local                                   8                   4                   NULL                
t0                  ptr(char)                               temporary           "\n*********** TEST 7 ************\n"12                  8                   NULL                
t1                  int                                     temporary                               20                  4                   NULL                
t10                 int                                     temporary           2                   24                  4                   NULL                
t11                 ptr(char)                               temporary           "\nTesting (!=) operator: "28                  8                   NULL                
t12                 int                                     temporary                               36                  4                   NULL                
t13                 ptr(char)                               temporary           "PASS"              40                  8                   NULL                
t14                 int                                     temporary                               48                  4                   NULL                
t15                 ptr(char)                               temporary           "FAIL"              52                  8                   NULL                
t16                 int                                     temporary                               60                  4                   NULL                
t17                 int                                     temporary           6                   64                  4                   NULL                
t18                 int                                     temporary                               68                  4                   NULL                
t19                 int                                     temporary           2                   72                  4                   NULL                
t2                  int                                     temporary           1                   76                  4                   NULL                
t20                 int                                     temporary                               80                  4                   NULL                
t21                 ptr(char)                               temporary           "\nTesting < operator: "84                  8                   NULL                
t22                 int                                     temporary                               92                  4                   NULL                
t23                 ptr(char)                               temporary           "PASS"              96                  8                   NULL                
t24                 int                                     temporary                               104                 4                   NULL                
t25                 ptr(char)                               temporary           "FAIL"              108                 8                   NULL                
t26                 int                                     temporary                               116                 4                   NULL                
t27                 int                                     temporary           5                   120                 4                   NULL                
t28                 ptr(char)                               temporary           "\nTesting < operator: "124                 8                   NULL                
t29                 int                                     temporary                               132                 4                   NULL                
t3                  int                                     temporary           1                   136                 4                   NULL                
t30                 ptr(char)                               temporary           "FAIL"              140                 8                   NULL                
t31                 int                                     temporary                               148                 4                   NULL                
t32                 ptr(char)                               temporary           "PASS"              152                 8                   NULL                
t33                 int                                     temporary                               160                 4                   NULL                
t34                 ptr(char)                               temporary           "\nTesting <= operator: "164                 8                   NULL                
t35                 int                                     temporary                               172                 4                   NULL                
t36                 ptr(char)                               temporary           "PASS"              176                 8                   NULL                
t37                 int                                     temporary                               184                 4                   NULL                
t38                 ptr(char)                               temporary           "FAIL"              188                 8                   NULL                
t39                 int                                     temporary                               196                 4                   NULL                
t4                  ptr(char)                               temporary           "\nTesting (==) operator: "200                 8                   NULL                
t40                 int                                     temporary           10                  208                 4                   NULL                
t41                 ptr(char)                               temporary           "\nTesting <= operator: "212                 8                   NULL                
t42                 int                                     temporary                               220                 4                   NULL                
t43                 ptr(char)                               temporary           "PASS"              224                 8                   NULL                
t44                 int                                     temporary                               232                 4                   NULL                
t45                 ptr(char)                               temporary           "FAIL"              236                 8                   NULL                
t46                 int                                     temporary                               244                 4                   NULL                
t47                 int                                     temporary           66                  248                 4                   NULL                
t48                 ptr(char)                               temporary           "\nTesting > operator: "252                 8                   NULL                
t49                 int                                     temporary                               260                 4                   NULL                
t5                  int                                     temporary                               264                 4                   NULL                
t50                 ptr(char)                               temporary           "PASS"              268                 8                   NULL                
t51                 int                                     temporary                               276                 4                   NULL                
t52                 ptr(char)                               temporary           "FAIL"              280                 8                   NULL                
t53                 int                                     temporary                               288                 4                   NULL                
t54                 int                                     temporary           1                   292                 4                   NULL                
t55                 ptr(char)                               temporary           "\nTesting > operator: "296                 8                   NULL                
t56                 int                                     temporary                               304                 4                   NULL                
t57                 ptr(char)                               temporary           "FAIL"              308                 8                   NULL                
t58                 int                                     temporary                               316                 4                   NULL                
t59                 ptr(char)                               temporary           "PASS"              320                 8                   NULL                
t6                  ptr(char)                               temporary           "PASS"              328                 8                   NULL                
t60                 int                                     temporary                               336                 4                   NULL                
t61                 ptr(char)                               temporary           "\nTesting >= operator: "340                 8                   NULL                
t62                 int                                     temporary                               348                 4                   NULL                
t63                 ptr(char)                               temporary           "PASS"              352                 8                   NULL                
t64                 int                                     temporary                               360                 4                   NULL                
t65                 ptr(char)                               temporary           "FAIL"              364                 8                   NULL                
t66                 int                                     temporary                               372                 4                   NULL                
t67                 int                                     temporary           10                  376                 4                   NULL                
t68                 int                                     temporary                               380                 4                   NULL                
t69                 ptr(char)                               temporary           "\nTesting >= operator: "384                 8                   NULL                
t7                  int                                     temporary                               392                 4                   NULL                
t70                 int                                     temporary                               396                 4                   NULL                
t71                 ptr(char)                               temporary           "PASS"              400                 8                   NULL                
t72                 int                                     temporary                               408                 4                   NULL                
t73                 ptr(char)                               temporary           "FAIL"              412                 8                   NULL                
t74                 int                                     temporary                               420                 4                   NULL                
t75                 ptr(char)                               temporary           "\n\n"              424                 8                   NULL                
t76                 int                                     temporary                               432                 4                   NULL                
t77                 int                                     temporary           0                   436                 4                   NULL                
t8                  ptr(char)                               temporary           "FAIL"              440                 8                   NULL                
t9                  int                                     temporary                               448                 4                   NULL                
--------------------------------------------------------------------------------------------------------------------------------------------


============================================================================================================================================
Table Name: printInt		 Parent Name: global
============================================================================================================================================
Name                Type                                    Category            Initial Value       Offset              Size                Child               

n                   int                                     parameter                               0                   4                   NULL                
return              int                                     local                                   4                   4                   NULL                
--------------------------------------------------------------------------------------------------------------------------------------------


============================================================================================================================================
Table Name: printStr		 Parent Name: global
============================================================================================================================================
Name                Type                                    Category            Initial Value       Offset              Size                Child               

return              int                                     local                                   0                   4                   NULL                
s                   ptr(char)                               parameter                               4                   8                   NULL                
--------------------------------------------------------------------------------------------------------------------------------------------


============================================================================================================================================
Table Name: readInt		 Parent Name: global
============================================================================================================================================
Name                Type                                    Category            Initial Value       Offset              Size                Child               

eP                  ptr(int)                                parameter                               0                   8                   NULL                
return              int                                     local                                   8                   4                   NULL                
--------------------------------------------------------------------------------------------------------------------------------------------


1   : Function start: main
2   : 	t0 = "\n*********** TEST 7 ************\n"
3   : 	param t0
4   : 	t1 = call printStr, 1
5   : 	t2 = 1
6   : 	n1 = t2
7   : 	t3 = 1
8   : 	n2 = t3
9   : 	t4 = "\nTesting (==) operator: "
10  : 	param t4
11  : 	t5 = call printStr, 1
12  : 	if n1 == n2 goto 14
13  : 	goto 18
14  : 	t6 = "PASS"
15  : 	param t6
16  : 	t7 = call printStr, 1
17  : 	goto 21
18  : 	t8 = "FAIL"
19  : 	param t8
20  : 	t9 = call printStr, 1
21  : 	t10 = 2
22  : 	n2 = t10
23  : 	t11 = "\nTesting (!=) operator: "
24  : 	param t11
25  : 	t12 = call printStr, 1
26  : 	if n1 != n2 goto 28
27  : 	goto 32
28  : 	t13 = "PASS"
29  : 	param t13
30  : 	t14 = call printStr, 1
31  : 	goto 35
32  : 	t15 = "FAIL"
33  : 	param t15
34  : 	t16 = call printStr, 1
35  : 	t17 = 6
36  : 	t18 = - t17
37  : 	n1 = t18
38  : 	t19 = 2
39  : 	t20 = - t19
40  : 	n2 = t20
41  : 	t21 = "\nTesting < operator: "
42  : 	param t21
43  : 	t22 = call printStr, 1
44  : 	if n1 < n2 goto 46
45  : 	goto 50
46  : 	t23 = "PASS"
47  : 	param t23
48  : 	t24 = call printStr, 1
49  : 	goto 53
50  : 	t25 = "FAIL"
51  : 	param t25
52  : 	t26 = call printStr, 1
53  : 	t27 = 5
54  : 	n2 = t27
55  : 	t28 = "\nTesting < operator: "
56  : 	param t28
57  : 	t29 = call printStr, 1
58  : 	if n1 < n2 goto 60
59  : 	goto 64
60  : 	t30 = "FAIL"
61  : 	param t30
62  : 	t31 = call printStr, 1
63  : 	goto 67
64  : 	t32 = "PASS"
65  : 	param t32
66  : 	t33 = call printStr, 1
67  : 	t34 = "\nTesting <= operator: "
68  : 	param t34
69  : 	t35 = call printStr, 1
70  : 	if n1 <= n2 goto 72
71  : 	goto 76
72  : 	t36 = "PASS"
73  : 	param t36
74  : 	t37 = call printStr, 1
75  : 	goto 79
76  : 	t38 = "FAIL"
77  : 	param t38
78  : 	t39 = call printStr, 1
79  : 	t40 = 10
80  : 	n1 = t40
81  : 	t41 = "\nTesting <= operator: "
82  : 	param t41
83  : 	t42 = call printStr, 1
84  : 	if n1 <= n2 goto 86
85  : 	goto 90
86  : 	t43 = "PASS"
87  : 	param t43
88  : 	t44 = call printStr, 1
89  : 	goto 93
90  : 	t45 = "FAIL"
91  : 	param t45
92  : 	t46 = call printStr, 1
93  : 	t47 = 66
94  : 	n1 = t47
95  : 	t48 = "\nTesting > operator: "
96  : 	param t48
97  : 	t49 = call printStr, 1
98  : 	if n1 > n2 goto 100
99  : 	goto 104
100 : 	t50 = "PASS"
101 : 	param t50
102 : 	t51 = call printStr, 1
103 : 	goto 107
104 : 	t52 = "FAIL"
105 : 	param t52
106 : 	t53 = call printStr, 1
107 : 	t54 = 1
108 : 	n2 = t54
109 : 	t55 = "\nTesting > operator: "
110 : 	param t55
111 : 	t56 = call printStr, 1
112 : 	if n1 > n2 goto 114
113 : 	goto 118
114 : 	t57 = "FAIL"
115 : 	param t57
116 : 	t58 = call printStr, 1
117 : 	goto 121
118 : 	t59 = "PASS"
119 : 	param t59
120 : 	t60 = call printStr, 1
121 : 	t61 = "\nTesting >= operator: "
122 : 	param t61
123 : 	t62 = call printStr, 1
124 : 	if n1 >= n2 goto 126
125 : 	goto 130
126 : 	t63 = "PASS"
127 : 	param t63
128 : 	t64 = call printStr, 1
129 : 	goto 133
130 : 	t65 = "FAIL"
131 : 	param t65
132 : 	t66 = call printStr, 1
133 : 	t67 = 10
134 : 	t68 = - t67
135 : 	n1 = t68
136 : 	t69 = "\nTesting >= operator: "
137 : 	param t69
138 : 	t70 = call printStr, 1
139 : 	if n1 >= n2 goto 141
140 : 	goto 145
141 : 	t71 = "PASS"
142 : 	param t71
143 : 	t72 = call printStr, 1
144 : 	goto 148
145 : 	t73 = "FAIL"
146 : 	param t73
147 : 	t74 = call printStr, 1
148 : 	t75 = "\n\n"
149 : 	param t75
150 : 	t76 = call printStr, 1
151 : 	t77 = 0
152 : 	return t77
153 : Function end: main
